{"C:\\Users\\frans\\Desktop\\rest_api_node_server\\src\\router.ts": {"path":"C:\\Users\\frans\\Desktop\\rest_api_node_server\\src\\router.ts","statementMap":{"0":{"start":{"line":1,"column":0},"end":{"line":1,"column":33}},"1":{"start":{"line":2,"column":0},"end":{"line":2,"column":47}},"2":{"start":{"line":3,"column":0},"end":{"line":3,"column":86}},"3":{"start":{"line":4,"column":0},"end":{"line":4,"column":49}},"4":{"start":{"line":5,"column":0},"end":{"line":5,"column":49}},"5":{"start":{"line":6,"column":0},"end":{"line":6,"column":50}},"6":{"start":{"line":7,"column":0},"end":{"line":7,"column":51}},"7":{"start":{"line":8,"column":15},"end":{"line":8,"column":23}},"8":{"start":{"line":13,"column":0},"end":{"line":13,"column":28}},"9":{"start":{"line":15,"column":0},"end":{"line":18,"column":18}},"10":{"start":{"line":20,"column":0},"end":{"line":30,"column":null}},"11":{"start":{"line":28,"column":27},"end":{"line":28,"column":34}},"12":{"start":{"line":32,"column":0},"end":{"line":44,"column":19}},"13":{"start":{"line":39,"column":27},"end":{"line":39,"column":34}},"14":{"start":{"line":46,"column":0},"end":{"line":49,"column":24}},"15":{"start":{"line":52,"column":0},"end":{"line":55,"column":19}},"16":{"start":{"line":57,"column":0},"end":{"line":57,"column":22}}},"fnMap":{"0":{"name":"(anonymous_0)","decl":{"start":{"line":28,"column":20},"end":{"line":28,"column":25}},"loc":{"start":{"line":28,"column":27},"end":{"line":28,"column":34}}},"1":{"name":"(anonymous_1)","decl":{"start":{"line":39,"column":20},"end":{"line":39,"column":25}},"loc":{"start":{"line":39,"column":27},"end":{"line":39,"column":34}}}},"branchMap":{},"s":{"0":2,"1":2,"2":2,"3":2,"4":2,"5":2,"6":2,"7":2,"8":2,"9":2,"10":2,"11":3,"12":2,"13":5,"14":2,"15":2,"16":2},"f":{"0":3,"1":5},"b":{}}
,"C:\\Users\\frans\\Desktop\\rest_api_node_server\\src\\server.ts": {"path":"C:\\Users\\frans\\Desktop\\rest_api_node_server\\src\\server.ts","statementMap":{"0":{"start":{"line":1,"column":0},"end":{"line":1,"column":30}},"1":{"start":{"line":2,"column":0},"end":{"line":2,"column":30}},"2":{"start":{"line":3,"column":0},"end":{"line":3,"column":33}},"3":{"start":{"line":4,"column":0},"end":{"line":4,"column":28}},"4":{"start":{"line":7,"column":4},"end":{"line":16,"column":5}},"5":{"start":{"line":8,"column":8},"end":{"line":8,"column":32}},"6":{"start":{"line":9,"column":8},"end":{"line":9,"column":18}},"7":{"start":{"line":14,"column":8},"end":{"line":14,"column":83}},"8":{"start":{"line":19,"column":0},"end":{"line":19,"column":12}},"9":{"start":{"line":22,"column":15},"end":{"line":22,"column":24}},"10":{"start":{"line":25,"column":0},"end":{"line":25,"column":27}},"11":{"start":{"line":27,"column":0},"end":{"line":27,"column":null}},"12":{"start":{"line":29,"column":0},"end":{"line":34,"column":null}},"13":{"start":{"line":30,"column":4},"end":{"line":33,"column":null}},"14":{"start":{"line":36,"column":0},"end":{"line":36,"column":22}}},"fnMap":{"0":{"name":"connectDB","decl":{"start":{"line":6,"column":15},"end":{"line":6,"column":24}},"loc":{"start":{"line":6,"column":24},"end":{"line":17,"column":1}}},"1":{"name":"(anonymous_2)","decl":{"start":{"line":29,"column":18},"end":{"line":29,"column":19}},"loc":{"start":{"line":29,"column":30},"end":{"line":34,"column":1}}}},"branchMap":{},"s":{"0":2,"1":2,"2":2,"3":2,"4":2,"5":2,"6":1,"7":0,"8":2,"9":2,"10":2,"11":2,"12":2,"13":1,"14":2},"f":{"0":2,"1":1},"b":{}}
,"C:\\Users\\frans\\Desktop\\rest_api_node_server\\src\\config\\db.ts": {"path":"C:\\Users\\frans\\Desktop\\rest_api_node_server\\src\\config\\db.ts","statementMap":{"0":{"start":{"line":1,"column":0},"end":{"line":1,"column":49}},"1":{"start":{"line":2,"column":0},"end":{"line":2,"column":28}},"2":{"start":{"line":4,"column":0},"end":{"line":4,"column":16}},"3":{"start":{"line":7,"column":13},"end":{"line":11,"column":3}}},"fnMap":{},"branchMap":{},"s":{"0":2,"1":2,"2":2,"3":2},"f":{},"b":{}}
,"C:\\Users\\frans\\Desktop\\rest_api_node_server\\src\\handlers\\product.ts": {"path":"C:\\Users\\frans\\Desktop\\rest_api_node_server\\src\\handlers\\product.ts","statementMap":{"0":{"start":{"line":2,"column":0},"end":{"line":2,"column":47}},"1":{"start":{"line":22,"column":27},"end":{"line":30,"column":1}},"2":{"start":{"line":23,"column":21},"end":{"line":28,"column":6}},"3":{"start":{"line":29,"column":4},"end":{"line":29,"column":30}},"4":{"start":{"line":22,"column":13},"end":{"line":22,"column":27}},"5":{"start":{"line":32,"column":28},"end":{"line":45,"column":1}},"6":{"start":{"line":33,"column":4},"end":{"line":44,"column":5}},"7":{"start":{"line":34,"column":24},"end":{"line":36,"column":10}},"8":{"start":{"line":37,"column":8},"end":{"line":39,"column":9}},"9":{"start":{"line":38,"column":12},"end":{"line":38,"column":69}},"10":{"start":{"line":40,"column":8},"end":{"line":40,"column":33}},"11":{"start":{"line":43,"column":8},"end":{"line":43,"column":27}},"12":{"start":{"line":32,"column":13},"end":{"line":32,"column":28}},"13":{"start":{"line":48,"column":29},"end":{"line":51,"column":1}},"14":{"start":{"line":49,"column":20},"end":{"line":49,"column":51}},"15":{"start":{"line":50,"column":8},"end":{"line":50,"column":45}},"16":{"start":{"line":48,"column":13},"end":{"line":48,"column":29}},"17":{"start":{"line":53,"column":29},"end":{"line":64,"column":1}},"18":{"start":{"line":54,"column":20},"end":{"line":54,"column":58}},"19":{"start":{"line":55,"column":8},"end":{"line":58,"column":9}},"20":{"start":{"line":56,"column":12},"end":{"line":56,"column":69}},"21":{"start":{"line":57,"column":12},"end":{"line":57,"column":18}},"22":{"start":{"line":60,"column":8},"end":{"line":60,"column":39}},"23":{"start":{"line":62,"column":8},"end":{"line":62,"column":29}},"24":{"start":{"line":63,"column":8},"end":{"line":63,"column":33}},"25":{"start":{"line":53,"column":13},"end":{"line":53,"column":29}},"26":{"start":{"line":66,"column":34},"end":{"line":75,"column":1}},"27":{"start":{"line":67,"column":20},"end":{"line":67,"column":58}},"28":{"start":{"line":68,"column":4},"end":{"line":71,"column":5}},"29":{"start":{"line":69,"column":8},"end":{"line":69,"column":65}},"30":{"start":{"line":70,"column":8},"end":{"line":70,"column":14}},"31":{"start":{"line":72,"column":4},"end":{"line":72,"column":60}},"32":{"start":{"line":73,"column":4},"end":{"line":73,"column":25}},"33":{"start":{"line":74,"column":4},"end":{"line":74,"column":29}},"34":{"start":{"line":66,"column":13},"end":{"line":66,"column":34}},"35":{"start":{"line":77,"column":29},"end":{"line":85,"column":1}},"36":{"start":{"line":78,"column":20},"end":{"line":78,"column":58}},"37":{"start":{"line":79,"column":8},"end":{"line":82,"column":9}},"38":{"start":{"line":80,"column":12},"end":{"line":80,"column":72}},"39":{"start":{"line":81,"column":12},"end":{"line":81,"column":19}},"40":{"start":{"line":83,"column":8},"end":{"line":83,"column":32}},"41":{"start":{"line":84,"column":8},"end":{"line":84,"column":67}},"42":{"start":{"line":77,"column":13},"end":{"line":77,"column":29}}},"fnMap":{"0":{"name":"(anonymous_1)","decl":{"start":{"line":22,"column":27},"end":{"line":22,"column":32}},"loc":{"start":{"line":22,"column":63},"end":{"line":30,"column":1}}},"1":{"name":"(anonymous_2)","decl":{"start":{"line":32,"column":28},"end":{"line":32,"column":33}},"loc":{"start":{"line":32,"column":64},"end":{"line":45,"column":1}}},"2":{"name":"(anonymous_3)","decl":{"start":{"line":48,"column":29},"end":{"line":48,"column":34}},"loc":{"start":{"line":48,"column":67},"end":{"line":51,"column":1}}},"3":{"name":"(anonymous_4)","decl":{"start":{"line":53,"column":29},"end":{"line":53,"column":34}},"loc":{"start":{"line":53,"column":64},"end":{"line":64,"column":1}}},"4":{"name":"(anonymous_5)","decl":{"start":{"line":66,"column":34},"end":{"line":66,"column":39}},"loc":{"start":{"line":66,"column":69},"end":{"line":75,"column":1}}},"5":{"name":"(anonymous_6)","decl":{"start":{"line":77,"column":29},"end":{"line":77,"column":34}},"loc":{"start":{"line":77,"column":82},"end":{"line":85,"column":1}}}},"branchMap":{"0":{"loc":{"start":{"line":37,"column":8},"end":{"line":39,"column":9}},"type":"if","locations":[{"start":{"line":37,"column":8},"end":{"line":39,"column":9}}]},"1":{"loc":{"start":{"line":55,"column":8},"end":{"line":58,"column":9}},"type":"if","locations":[{"start":{"line":55,"column":8},"end":{"line":58,"column":9}}]},"2":{"loc":{"start":{"line":68,"column":4},"end":{"line":71,"column":5}},"type":"if","locations":[{"start":{"line":68,"column":4},"end":{"line":71,"column":5}}]},"3":{"loc":{"start":{"line":79,"column":8},"end":{"line":82,"column":9}},"type":"if","locations":[{"start":{"line":79,"column":8},"end":{"line":82,"column":9}}]}},"s":{"0":2,"1":2,"2":2,"3":2,"4":2,"5":2,"6":2,"7":2,"8":2,"9":2,"10":2,"11":2,"12":2,"13":2,"14":1,"15":1,"16":2,"17":2,"18":2,"19":2,"20":2,"21":2,"22":0,"23":0,"24":0,"25":2,"26":2,"27":2,"28":2,"29":2,"30":2,"31":0,"32":0,"33":0,"34":2,"35":2,"36":2,"37":2,"38":2,"39":2,"40":0,"41":0,"42":2},"f":{"0":2,"1":2,"2":1,"3":2,"4":2,"5":2},"b":{"0":[2],"1":[2],"2":[2],"3":[2]}}
,"C:\\Users\\frans\\Desktop\\rest_api_node_server\\src\\middleware\\index.ts": {"path":"C:\\Users\\frans\\Desktop\\rest_api_node_server\\src\\middleware\\index.ts","statementMap":{"0":{"start":{"line":2,"column":0},"end":{"line":2,"column":50}},"1":{"start":{"line":4,"column":33},"end":{"line":11,"column":1}},"2":{"start":{"line":5,"column":17},"end":{"line":5,"column":38}},"3":{"start":{"line":6,"column":4},"end":{"line":9,"column":5}},"4":{"start":{"line":7,"column":8},"end":{"line":7,"column":null}},"5":{"start":{"line":8,"column":8},"end":{"line":8,"column":15}},"6":{"start":{"line":10,"column":4},"end":{"line":10,"column":11}},"7":{"start":{"line":4,"column":13},"end":{"line":4,"column":33}}},"fnMap":{"0":{"name":"(anonymous_0)","decl":{"start":{"line":4,"column":33},"end":{"line":4,"column":34}},"loc":{"start":{"line":4,"column":81},"end":{"line":11,"column":1}}}},"branchMap":{"0":{"loc":{"start":{"line":6,"column":4},"end":{"line":9,"column":5}},"type":"if","locations":[{"start":{"line":6,"column":4},"end":{"line":9,"column":5}}]}},"s":{"0":2,"1":2,"2":16,"3":16,"4":7,"5":7,"6":9,"7":2},"f":{"0":16},"b":{"0":[7]}}
,"C:\\Users\\frans\\Desktop\\rest_api_node_server\\src\\models\\Product.model.ts": {"path":"C:\\Users\\frans\\Desktop\\rest_api_node_server\\src\\models\\Product.model.ts","statementMap":{"0":{"start":{"line":1,"column":0},"end":{"line":1,"column":73}},"1":{"start":{"line":7,"column":0},"end":{"line":24,"column":null}},"2":{"start":{"line":11,"column":12},"end":{"line":11,"column":null}},"3":{"start":{"line":16,"column":12},"end":{"line":16,"column":null}},"4":{"start":{"line":23,"column":12},"end":{"line":23,"column":null}},"5":{"start":{"line":7,"column":6},"end":{"line":24,"column":null}},"6":{"start":{"line":25,"column":0},"end":{"line":25,"column":24}}},"fnMap":{},"branchMap":{},"s":{"0":2,"1":2,"2":2,"3":2,"4":2,"5":2,"6":2},"f":{},"b":{}}
}
